<?xml version="1.0" encoding="UTF-8"?>
<!-- Generated by org.testng.reporters.JUnitXMLReporter -->
<testsuite ignored="0" hostname="DESKTOP-OTV90SR" failures="0" tests="9" name="Default test" time="0.12" errors="0" timestamp="2022-06-03T01:13:04 YEKT">
  <testcase classname="online_tusur.unit_online_tusur.StudentTestNGZ6" name="dynamicTestStudentGetterGetFirstName" time="0.017"/>
  <testcase classname="online_tusur.unit_online_tusur.StudentTestNGZ6" name="dynamicTestStudentGetterGetFirstName" time="0.002"/>
  <testcase classname="online_tusur.unit_online_tusur.StudentTestNGZ6" name="dynamicTestStudentGetterGetFirstName" time="0.002"/>
  <testcase classname="online_tusur.unit_online_tusur.StudentTestNGZ6" name="dynamicTestStudentGetterGetLastName" time="0.002"/>
  <testcase classname="online_tusur.unit_online_tusur.StudentTestNGZ6" name="dynamicTestStudentGetterGetLastName" time="0.002"/>
  <testcase classname="online_tusur.unit_online_tusur.StudentTestNGZ6" name="dynamicTestStudentGetterGetLastName" time="0.003"/>
  <testcase classname="online_tusur.unit_online_tusur.StudentTestNGZ6" name="dynamicTestStudentGetterGetAge" time="0.004"/>
  <testcase classname="online_tusur.unit_online_tusur.StudentTestNGZ6" name="dynamicTestStudentGetterGetAge" time="0.002"/>
  <testcase classname="online_tusur.unit_online_tusur.StudentTestNGZ6" name="dynamicTestStudentGetterGetAge" time="0.002"/>
</testsuite> <!-- Default test -->
