<?xml version="1.0" encoding="UTF-8"?>
<!-- Generated by org.testng.reporters.JUnitXMLReporter -->
<testsuite ignored="0" hostname="DESKTOP-OTV90SR" failures="0" tests="4" name="Default test" time="0.135" errors="0" timestamp="2022-06-03T01:51:29 YEKT">
  <testcase classname="online_tusur.unit_online_tusur.StudentTestNGZ7" name="testAvgAge" time="0.029"/>
  <testcase classname="online_tusur.unit_online_tusur.StudentTestNGZ7" name="testAvgAge" time="0.028"/>
  <testcase classname="online_tusur.unit_online_tusur.StudentTestNGZ7" name="testAvgAge" time="0.028"/>
  <testcase classname="online_tusur.unit_online_tusur.StudentTestNGZ7" name="testAgeOut" time="0.005"/>
</testsuite> <!-- Default test -->
