<?xml version="1.0" encoding="UTF-8"?>
<testng-results ignored="0" total="4" passed="4" failed="0" skipped="0">
  <reporter-output>
  </reporter-output>
  <suite started-at="2022-06-03T01:56:13 YEKT" name="My Reporter Suite" finished-at="2022-06-03T01:56:14 YEKT" duration-ms="345">
    <groups>
    </groups>
    <test started-at="2022-06-03T01:56:13 YEKT" name="My Reporter test" finished-at="2022-06-03T01:56:14 YEKT" duration-ms="345">
      <class name="online_tusur.unit_online_tusur.StudentTestNGZ7">
        <test-method signature="testAvgAge([[Ljava.lang.Object;)[pri:1, instance:online_tusur.unit_online_tusur.StudentTestNGZ7@70f43b45]" started-at="2022-06-03T01:56:14 YEKT" name="testAvgAge" data-provider="data" finished-at="2022-06-03T01:56:14 YEKT" duration-ms="78" status="PASS">
          <params>
            <param index="0">
              <value>
                <![CDATA[[[Ljava.lang.Object;@abbc908]]>
              </value>
            </param>
          </params>
          <reporter-output>
          </reporter-output>
        </test-method> <!-- testAvgAge -->
        <test-method signature="testAvgAge([[Ljava.lang.Object;)[pri:1, instance:online_tusur.unit_online_tusur.StudentTestNGZ7@70f43b45]" started-at="2022-06-03T01:56:14 YEKT" name="testAvgAge" data-provider="data" finished-at="2022-06-03T01:56:14 YEKT" duration-ms="79" status="PASS">
          <params>
            <param index="0">
              <value>
                <![CDATA[[[Ljava.lang.Object;@44afefd5]]>
              </value>
            </param>
          </params>
          <reporter-output>
          </reporter-output>
        </test-method> <!-- testAvgAge -->
        <test-method signature="testAvgAge([[Ljava.lang.Object;)[pri:1, instance:online_tusur.unit_online_tusur.StudentTestNGZ7@70f43b45]" started-at="2022-06-03T01:56:14 YEKT" name="testAvgAge" data-provider="data" finished-at="2022-06-03T01:56:14 YEKT" duration-ms="74" status="PASS">
          <params>
            <param index="0">
              <value>
                <![CDATA[[[Ljava.lang.Object;@ff6077]]>
              </value>
            </param>
          </params>
          <reporter-output>
          </reporter-output>
        </test-method> <!-- testAvgAge -->
        <test-method signature="testAgeOut(int)[pri:2, instance:online_tusur.unit_online_tusur.StudentTestNGZ7@70f43b45]" started-at="2022-06-03T01:56:14 YEKT" name="testAgeOut" finished-at="2022-06-03T01:56:14 YEKT" duration-ms="6" status="PASS">
          <params>
            <param index="0">
              <value>
                <![CDATA[100500]]>
              </value>
            </param>
          </params>
          <reporter-output>
          </reporter-output>
        </test-method> <!-- testAgeOut -->
      </class> <!-- online_tusur.unit_online_tusur.StudentTestNGZ7 -->
    </test> <!-- My Reporter test -->
  </suite> <!-- My Reporter Suite -->
</testng-results>
