<?xml version="1.0" encoding="UTF-8"?>
<!-- Generated by org.testng.reporters.JUnitXMLReporter -->
<testsuite ignored="0" hostname="DESKTOP-OTV90SR" failures="0" tests="4" name="Default test" time="0.13" errors="0" timestamp="2022-06-02T23:28:29 YEKT">
  <testcase classname="online_tusur.unit_online_tusur.StudentTestNGZ5" name="testAvgAge" time="0.026"/>
  <testcase classname="online_tusur.unit_online_tusur.StudentTestNGZ5" name="testAvgAge" time="0.002"/>
  <testcase classname="online_tusur.unit_online_tusur.StudentTestNGZ5" name="testAvgAge" time="0.004"/>
  <testcase classname="online_tusur.unit_online_tusur.StudentTestNGZ5" name="testAgeOut" time="0.004"/>
</testsuite> <!-- Default test -->
