<?xml version="1.0" encoding="UTF-8"?>
<!-- Generated by org.testng.reporters.JUnitXMLReporter -->
<testsuite ignored="0" hostname="DESKTOP-OTV90SR" failures="0" tests="4" name="My Reporter test" time="0.345" errors="0" timestamp="2022-06-03T01:56:14 YEKT">
  <testcase classname="online_tusur.unit_online_tusur.StudentTestNGZ7" name="testAvgAge" time="0.078"/>
  <testcase classname="online_tusur.unit_online_tusur.StudentTestNGZ7" name="testAvgAge" time="0.079"/>
  <testcase classname="online_tusur.unit_online_tusur.StudentTestNGZ7" name="testAvgAge" time="0.074"/>
  <testcase classname="online_tusur.unit_online_tusur.StudentTestNGZ7" name="testAgeOut" time="0.006"/>
</testsuite> <!-- My Reporter test -->
